Using pre-set license
Built from '2021.3/staging' branch; Version is '2021.3.18f1 (3129e69bc0c7) revision 3221990'; Using compiler version '192829333'; Build Type 'Release'
OS: 'Windows 11  (10.0.22621) 64bit Core' Language: 'fr' Physical Memory: 16163 MB
BatchMode: 1, IsHumanControllingUs: 0, StartBugReporterOnCrash: 0, Is64bit: 1, IsPro: 1

COMMAND LINE ARGUMENTS:
D:\Bureau\SI_Nice\S8\Ihm_creation_monde_virtuel\2021.3.18f1\Editor\Unity.exe
-adb2
-batchMode
-noUpm
-name
AssetImportWorker1
-projectPath
D:/Bureau/SI_Nice/S8/Ihm_creation_monde_virtuel/S8_IHM_LaPetitePrincesse/Racing
-logFile
Logs/AssetImportWorker1.log
-srvPort
36010
Successfully changed project path to: D:/Bureau/SI_Nice/S8/Ihm_creation_monde_virtuel/S8_IHM_LaPetitePrincesse/Racing
D:/Bureau/SI_Nice/S8/Ihm_creation_monde_virtuel/S8_IHM_LaPetitePrincesse/Racing
[UnityMemory] Configuration Parameters - Can be set up in boot.config
    "memorysetup-bucket-allocator-granularity=16"
    "memorysetup-bucket-allocator-bucket-count=8"
    "memorysetup-bucket-allocator-block-size=33554432"
    "memorysetup-bucket-allocator-block-count=8"
    "memorysetup-main-allocator-block-size=16777216"
    "memorysetup-thread-allocator-block-size=16777216"
    "memorysetup-gfx-main-allocator-block-size=16777216"
    "memorysetup-gfx-thread-allocator-block-size=16777216"
    "memorysetup-cache-allocator-block-size=4194304"
    "memorysetup-typetree-allocator-block-size=2097152"
    "memorysetup-profiler-bucket-allocator-granularity=16"
    "memorysetup-profiler-bucket-allocator-bucket-count=8"
    "memorysetup-profiler-bucket-allocator-block-size=33554432"
    "memorysetup-profiler-bucket-allocator-block-count=8"
    "memorysetup-profiler-allocator-block-size=16777216"
    "memorysetup-profiler-editor-allocator-block-size=1048576"
    "memorysetup-temp-allocator-size-main=16777216"
    "memorysetup-job-temp-allocator-block-size=2097152"
    "memorysetup-job-temp-allocator-block-size-background=1048576"
    "memorysetup-job-temp-allocator-reduction-small-platforms=262144"
    "memorysetup-temp-allocator-size-background-worker=32768"
    "memorysetup-temp-allocator-size-job-worker=262144"
    "memorysetup-temp-allocator-size-preload-manager=33554432"
    "memorysetup-temp-allocator-size-nav-mesh-worker=65536"
    "memorysetup-temp-allocator-size-audio-worker=65536"
    "memorysetup-temp-allocator-size-cloud-worker=32768"
    "memorysetup-temp-allocator-size-gi-baking-worker=262144"
    "memorysetup-temp-allocator-size-gfx=262144"
Unable to join player connection multicast group (err: 10013).
Player connection [12208] Host "[IP] 192.168.56.1 [Port] 0 [Flags] 2 [Guid] 862893190 [EditorId] 862893190 [Version] 1048832 [Id] WindowsEditor(7,LAPTOP-806IBUHE) [Debug] 1 [PackageName] WindowsEditor [ProjectName] Editor" joined alternative multi-casting on [225.0.0.222:34997]...

Refreshing native plugins compatible for Editor in 101.49 ms, found 3 plugins.
Preloading 0 native plugins for Editor in 0.00 ms.
Initialize engine version: 2021.3.18f1 (3129e69bc0c7)
[Subsystems] Discovering subsystems at path D:/Bureau/SI_Nice/S8/Ihm_creation_monde_virtuel/2021.3.18f1/Editor/Data/Resources/UnitySubsystems
[Subsystems] Discovering subsystems at path D:/Bureau/SI_Nice/S8/Ihm_creation_monde_virtuel/S8_IHM_LaPetitePrincesse/Racing/Assets
GfxDevice: creating device client; threaded=0; jobified=0
Direct3D:
    Version:  Direct3D 11.0 [level 11.1]
    Renderer: Intel(R) Iris(R) Xe Graphics (ID=0x9a49)
    Vendor:   Intel
    VRAM:     8081 MB
    Driver:   30.0.101.1404
Initialize mono
Mono path[0] = 'D:/Bureau/SI_Nice/S8/Ihm_creation_monde_virtuel/2021.3.18f1/Editor/Data/Managed'
Mono path[1] = 'D:/Bureau/SI_Nice/S8/Ihm_creation_monde_virtuel/2021.3.18f1/Editor/Data/MonoBleedingEdge/lib/mono/unityjit-win32'
Mono config path = 'D:/Bureau/SI_Nice/S8/Ihm_creation_monde_virtuel/2021.3.18f1/Editor/Data/MonoBleedingEdge/etc'
Using monoOptions --debugger-agent=transport=dt_socket,embedding=1,server=y,suspend=n,address=127.0.0.1:56820
Begin MonoManager ReloadAssembly
Registering precompiled unity dll's ...
Register platform support module: D:/Bureau/SI_Nice/S8/Ihm_creation_monde_virtuel/2021.3.18f1/Editor/Data/PlaybackEngines/WebGLSupport/UnityEditor.WebGL.Extensions.dll
Register platform support module: D:/Bureau/SI_Nice/S8/Ihm_creation_monde_virtuel/2021.3.18f1/Editor/Data/PlaybackEngines/WindowsStandaloneSupport/UnityEditor.WindowsStandalone.Extensions.dll
Registered in 0.003391 seconds.
Native extension for WindowsStandalone target not found
Native extension for WebGL target not found
Refreshing native plugins compatible for Editor in 90.82 ms, found 3 plugins.
Preloading 0 native plugins for Editor in 0.00 ms.
Mono: successfully reloaded assembly
- Completed reload, in  0.782 seconds
Domain Reload Profiling:
	ReloadAssembly (783ms)
		BeginReloadAssembly (143ms)
			ExecutionOrderSort (0ms)
			DisableScriptedObjects (0ms)
			BackupInstance (0ms)
			ReleaseScriptingObjects (0ms)
			CreateAndSetChildDomain (1ms)
		EndReloadAssembly (526ms)
			LoadAssemblies (143ms)
			RebuildTransferFunctionScriptingTraits (0ms)
			SetupTypeCache (137ms)
			ReleaseScriptCaches (0ms)
			RebuildScriptCaches (38ms)
			SetupLoadedEditorAssemblies (293ms)
				LogAssemblyErrors (0ms)
				InitializePlatformSupportModulesInManaged (8ms)
				SetLoadedEditorAssemblies (0ms)
				RefreshPlugins (91ms)
				BeforeProcessingInitializeOnLoad (2ms)
				ProcessInitializeOnLoadAttributes (148ms)
				ProcessInitializeOnLoadMethodAttributes (45ms)
				AfterProcessingInitializeOnLoad (0ms)
				EditorAssembliesLoaded (0ms)
			ExecutionOrderSort2 (0ms)
			AwakeInstancesAfterBackupRestoration (0ms)
Platform modules already initialized, skipping
Registering precompiled user dll's ...
Registered in 0.004173 seconds.
Begin MonoManager ReloadAssembly
Symbol file LoadedFromMemory doesn't match image D:\Bureau\SI_Nice\S8\Ihm_creation_monde_virtuel\S8_IHM_LaPetitePrincesse\Racing\Library\PackageCache\com.unity.visualscripting@1.8.0\Editor\VisualScripting.Core\Dependencies\YamlDotNet\Unity.VisualScripting.YamlDotNet.dll
Symbol file LoadedFromMemory doesn't match image D:\Bureau\SI_Nice\S8\Ihm_creation_monde_virtuel\S8_IHM_LaPetitePrincesse\Racing\Library\PackageCache\com.unity.visualscripting@1.8.0\Editor\VisualScripting.Core\Dependencies\DotNetZip\Unity.VisualScripting.IonicZip.dll
Native extension for WindowsStandalone target not found
Native extension for WebGL target not found
Refreshing native plugins compatible for Editor in 0.50 ms, found 3 plugins.
Preloading 0 native plugins for Editor in 0.00 ms.
Mono: successfully reloaded assembly
- Completed reload, in  1.101 seconds
Domain Reload Profiling:
	ReloadAssembly (1102ms)
		BeginReloadAssembly (165ms)
			ExecutionOrderSort (0ms)
			DisableScriptedObjects (20ms)
			BackupInstance (0ms)
			ReleaseScriptingObjects (0ms)
			CreateAndSetChildDomain (22ms)
		EndReloadAssembly (814ms)
			LoadAssemblies (107ms)
			RebuildTransferFunctionScriptingTraits (0ms)
			SetupTypeCache (275ms)
			ReleaseScriptCaches (1ms)
			RebuildScriptCaches (61ms)
			SetupLoadedEditorAssemblies (345ms)
				LogAssemblyErrors (0ms)
				InitializePlatformSupportModulesInManaged (5ms)
				SetLoadedEditorAssemblies (0ms)
				RefreshPlugins (1ms)
				BeforeProcessingInitializeOnLoad (81ms)
				ProcessInitializeOnLoadAttributes (238ms)
				ProcessInitializeOnLoadMethodAttributes (18ms)
				AfterProcessingInitializeOnLoad (2ms)
				EditorAssembliesLoaded (0ms)
			ExecutionOrderSort2 (0ms)
			AwakeInstancesAfterBackupRestoration (7ms)
Platform modules already initialized, skipping
========================================================================
Worker process is ready to serve import requests
Launched and connected shader compiler UnityShaderCompiler.exe after 0.06 seconds
Refreshing native plugins compatible for Editor in 0.56 ms, found 3 plugins.
Preloading 0 native plugins for Editor in 0.00 ms.
Unloading 3244 Unused Serialized files (Serialized files now loaded: 0)
Unloading 36 unused Assets / (1.3 MB). Loaded Objects now: 3695.
Memory consumption went from 197.5 MB to 196.2 MB.
Total: 2.905500 ms (FindLiveObjects: 0.258100 ms CreateObjectMapping: 0.105200 ms MarkObjects: 2.253300 ms  DeleteObjects: 0.287400 ms)

AssetImportParameters requested are different than current active one (requested -> active):
  custom:video-decoder-ogg-theora: a1e56fd34408186e4bbccfd4996cb3dc -> 
  custom:container-muxer-webm: aa71ff27fc2769a1b78a27578f13a17b -> 
  custom:container-demuxer-webm: 4f35f7cbe854078d1ac9338744f61a02 -> 
  custom:video-encoder-webm-vp8: eb34c28f22e8b96e1ab97ce403110664 -> 
  custom:audio-encoder-webm-vorbis: bf7c407c2cedff20999df2af8eb42d56 -> 
  custom:framework-win-MediaFoundation: 216162199b28c13a410421893ffa2e32 -> 
  custom:container-demuxer-ogg: 62fdf1f143b41e24485cea50d1cbac27 -> 
  custom:video-decoder-webm-vp8: 9c59270c3fd7afecdb556c50c9e8de78 -> 
  custom:audio-decoder-ogg-vorbis: bf7c407c2cedff20999df2af8eb42d56 -> 
========================================================================
Received Import Request.
  Time since last request: 330606.422298 seconds.
  path: Assets/Gridness Studios/Elementary Dungeon Pack Lite/Prefabs/Book_Holy_C.prefab
  artifactKey: Guid(587911d8e2e27694daaec695bc48f418) Importer(815301076,1909f56bfc062723c751e8b465ee728b)
Start importing Assets/Gridness Studios/Elementary Dungeon Pack Lite/Prefabs/Book_Holy_C.prefab using Guid(587911d8e2e27694daaec695bc48f418) Importer(815301076,1909f56bfc062723c751e8b465ee728b)  -> (artifact id: 'bf1b01a3de920435182fde2c693ea265') in 0.156597 seconds 
========================================================================
Received Import Request.
  Time since last request: 0.000036 seconds.
  path: Assets/Gridness Studios/Elementary Dungeon Pack Lite/Prefabs/Sewer_Square.prefab
  artifactKey: Guid(41996a6ea1c51594381fbbe2d45b1187) Importer(815301076,1909f56bfc062723c751e8b465ee728b)
Start importing Assets/Gridness Studios/Elementary Dungeon Pack Lite/Prefabs/Sewer_Square.prefab using Guid(41996a6ea1c51594381fbbe2d45b1187) Importer(815301076,1909f56bfc062723c751e8b465ee728b)  -> (artifact id: 'c3c66751fc72cf3f00db6b8518161414') in 0.041390 seconds 
========================================================================
Received Import Request.
  Time since last request: 0.000050 seconds.
  path: Assets/Gridness Studios/Elementary Dungeon Pack Lite/Prefabs/SquareChest_Bottom.prefab
  artifactKey: Guid(566ca9ac4aee88e47906121eaa705eb1) Importer(815301076,1909f56bfc062723c751e8b465ee728b)
Start importing Assets/Gridness Studios/Elementary Dungeon Pack Lite/Prefabs/SquareChest_Bottom.prefab using Guid(566ca9ac4aee88e47906121eaa705eb1) Importer(815301076,1909f56bfc062723c751e8b465ee728b)  -> (artifact id: '5c72e9ca3fadb2748c8a7aeb0036fec7') in 0.040139 seconds 
========================================================================
Received Import Request.
  Time since last request: 0.000064 seconds.
  path: Assets/Gridness Studios/Elementary Dungeon Pack Lite/Prefabs/Ceiling_SquareLarge.prefab
  artifactKey: Guid(9f2ed2ef64d0a59419c4791d6ddda859) Importer(815301076,1909f56bfc062723c751e8b465ee728b)
Start importing Assets/Gridness Studios/Elementary Dungeon Pack Lite/Prefabs/Ceiling_SquareLarge.prefab using Guid(9f2ed2ef64d0a59419c4791d6ddda859) Importer(815301076,1909f56bfc062723c751e8b465ee728b)  -> (artifact id: 'f608d16e59af85915a4f4b4d13c5cefb') in 0.031308 seconds 
========================================================================
Received Import Request.
  Time since last request: 0.000027 seconds.
  path: Assets/Gridness Studios/Elementary Dungeon Pack Lite/Prefabs/Table.003.prefab
  artifactKey: Guid(c533c10f37d12c941bf5dfea26e26cac) Importer(815301076,1909f56bfc062723c751e8b465ee728b)
Start importing Assets/Gridness Studios/Elementary Dungeon Pack Lite/Prefabs/Table.003.prefab using Guid(c533c10f37d12c941bf5dfea26e26cac) Importer(815301076,1909f56bfc062723c751e8b465ee728b)  -> (artifact id: '491a87520a33efbf8ce9740e3d88a5fc') in 0.021049 seconds 
========================================================================
Received Import Request.
  Time since last request: 0.000025 seconds.
  path: Assets/Gridness Studios/Elementary Dungeon Pack Lite/Prefabs/Shelf_Framed.prefab
  artifactKey: Guid(c0b6670604b282847a0f26cf98f36820) Importer(815301076,1909f56bfc062723c751e8b465ee728b)
Start importing Assets/Gridness Studios/Elementary Dungeon Pack Lite/Prefabs/Shelf_Framed.prefab using Guid(c0b6670604b282847a0f26cf98f36820) Importer(815301076,1909f56bfc062723c751e8b465ee728b)  -> (artifact id: '844f49f45e1002de522cd28ddf2770ad') in 0.022620 seconds 
========================================================================
Received Import Request.
  Time since last request: 0.000030 seconds.
  path: Assets/Gridness Studios/Elementary Dungeon Pack Lite/Prefabs/Chair_Small.001.prefab
  artifactKey: Guid(e0b2491dfd0bb9d4c9007eb87e252f4b) Importer(815301076,1909f56bfc062723c751e8b465ee728b)
Start importing Assets/Gridness Studios/Elementary Dungeon Pack Lite/Prefabs/Chair_Small.001.prefab using Guid(e0b2491dfd0bb9d4c9007eb87e252f4b) Importer(815301076,1909f56bfc062723c751e8b465ee728b)  -> (artifact id: '8aa069f834e5fbd1c6ff0b751565eac8') in 0.020620 seconds 
========================================================================
Received Import Request.
  Time since last request: 0.000046 seconds.
  path: Assets/Gridness Studios/Elementary Dungeon Pack Lite/Prefabs/Club.prefab
  artifactKey: Guid(7dd03d73abbd664469543d4489c76922) Importer(815301076,1909f56bfc062723c751e8b465ee728b)
Start importing Assets/Gridness Studios/Elementary Dungeon Pack Lite/Prefabs/Club.prefab using Guid(7dd03d73abbd664469543d4489c76922) Importer(815301076,1909f56bfc062723c751e8b465ee728b)  -> (artifact id: '05d5e0d23bdee10bcee55323089cbf6e') in 0.034251 seconds 
========================================================================
Received Import Request.
  Time since last request: 0.000045 seconds.
  path: Assets/Gridness Studios/Elementary Dungeon Pack Lite/Prefabs/Chain_Metal.002.prefab
  artifactKey: Guid(53ac7ce056616094cb0866450490c02d) Importer(815301076,1909f56bfc062723c751e8b465ee728b)
Start importing Assets/Gridness Studios/Elementary Dungeon Pack Lite/Prefabs/Chain_Metal.002.prefab using Guid(53ac7ce056616094cb0866450490c02d) Importer(815301076,1909f56bfc062723c751e8b465ee728b)  -> (artifact id: '1bac87b892819081e537e39a4c4a2250') in 0.033856 seconds 
========================================================================
Received Import Request.
  Time since last request: 0.000039 seconds.
  path: Assets/Gridness Studios/Elementary Dungeon Pack Lite/Prefabs/Door_Middle.prefab
  artifactKey: Guid(4adae8232505e0e45b64cc3b61e9d9e1) Importer(815301076,1909f56bfc062723c751e8b465ee728b)
Start importing Assets/Gridness Studios/Elementary Dungeon Pack Lite/Prefabs/Door_Middle.prefab using Guid(4adae8232505e0e45b64cc3b61e9d9e1) Importer(815301076,1909f56bfc062723c751e8b465ee728b)  -> (artifact id: '67e9e18d60e318fec81ee0c2fc02ba24') in 0.025044 seconds 
========================================================================
Received Import Request.
  Time since last request: 0.000045 seconds.
  path: Assets/Gridness Studios/Elementary Dungeon Pack Lite/Prefabs/Stair.prefab
  artifactKey: Guid(cf46510179194d94c98bd8071b7d231d) Importer(815301076,1909f56bfc062723c751e8b465ee728b)
Start importing Assets/Gridness Studios/Elementary Dungeon Pack Lite/Prefabs/Stair.prefab using Guid(cf46510179194d94c98bd8071b7d231d) Importer(815301076,1909f56bfc062723c751e8b465ee728b)  -> (artifact id: '3cc7b6a3a9793bf8b8dbe16156a1a154') in 0.018475 seconds 
========================================================================
Received Import Request.
  Time since last request: 0.000036 seconds.
  path: Assets/Gridness Studios/Elementary Dungeon Pack Lite/Prefabs/Potion_Red.prefab
  artifactKey: Guid(44e723b3d5b0e8c478e3b502b94369d5) Importer(815301076,1909f56bfc062723c751e8b465ee728b)
Start importing Assets/Gridness Studios/Elementary Dungeon Pack Lite/Prefabs/Potion_Red.prefab using Guid(44e723b3d5b0e8c478e3b502b94369d5) Importer(815301076,1909f56bfc062723c751e8b465ee728b)  -> (artifact id: '749b2d137f7b0c8f46fa75330deb0cf1') in 0.019524 seconds 
========================================================================
Received Import Request.
  Time since last request: 0.000031 seconds.
  path: Assets/Gridness Studios/Elementary Dungeon Pack Lite/Prefabs/Flag.004.prefab
  artifactKey: Guid(83b081522f15df64cb4f8b5416eccdec) Importer(815301076,1909f56bfc062723c751e8b465ee728b)
Start importing Assets/Gridness Studios/Elementary Dungeon Pack Lite/Prefabs/Flag.004.prefab using Guid(83b081522f15df64cb4f8b5416eccdec) Importer(815301076,1909f56bfc062723c751e8b465ee728b)  -> (artifact id: '004f5d017026c7b59e319947823cf435') in 0.045510 seconds 
========================================================================
Received Prepare
Registering precompiled user dll's ...
Registered in 0.004562 seconds.
Begin MonoManager ReloadAssembly
Symbol file LoadedFromMemory doesn't match image D:\Bureau\SI_Nice\S8\Ihm_creation_monde_virtuel\S8_IHM_LaPetitePrincesse\Racing\Library\PackageCache\com.unity.visualscripting@1.8.0\Editor\VisualScripting.Core\Dependencies\YamlDotNet\Unity.VisualScripting.YamlDotNet.dll
Symbol file LoadedFromMemory doesn't match image D:\Bureau\SI_Nice\S8\Ihm_creation_monde_virtuel\S8_IHM_LaPetitePrincesse\Racing\Library\PackageCache\com.unity.visualscripting@1.8.0\Editor\VisualScripting.Core\Dependencies\DotNetZip\Unity.VisualScripting.IonicZip.dll
Native extension for WindowsStandalone target not found
Native extension for WebGL target not found
Refreshing native plugins compatible for Editor in 1.17 ms, found 3 plugins.
Preloading 0 native plugins for Editor in 0.00 ms.
Mono: successfully reloaded assembly
- Completed reload, in  1.890 seconds
Domain Reload Profiling:
	ReloadAssembly (1892ms)
		BeginReloadAssembly (168ms)
			ExecutionOrderSort (0ms)
			DisableScriptedObjects (4ms)
			BackupInstance (0ms)
			ReleaseScriptingObjects (0ms)
			CreateAndSetChildDomain (38ms)
		EndReloadAssembly (1596ms)
			LoadAssemblies (122ms)
			RebuildTransferFunctionScriptingTraits (0ms)
			SetupTypeCache (493ms)
			ReleaseScriptCaches (1ms)
			RebuildScriptCaches (100ms)
			SetupLoadedEditorAssemblies (739ms)
				LogAssemblyErrors (0ms)
				InitializePlatformSupportModulesInManaged (36ms)
				SetLoadedEditorAssemblies (1ms)
				RefreshPlugins (1ms)
				BeforeProcessingInitializeOnLoad (150ms)
				ProcessInitializeOnLoadAttributes (501ms)
				ProcessInitializeOnLoadMethodAttributes (41ms)
				AfterProcessingInitializeOnLoad (6ms)
				EditorAssembliesLoaded (0ms)
			ExecutionOrderSort2 (0ms)
			AwakeInstancesAfterBackupRestoration (18ms)
Platform modules already initialized, skipping
Refreshing native plugins compatible for Editor in 1.97 ms, found 3 plugins.
Preloading 0 native plugins for Editor in 0.00 ms.
Unloading 3199 Unused Serialized files (Serialized files now loaded: 0)
Unloading 29 unused Assets / (1.3 MB). Loaded Objects now: 3706.
Memory consumption went from 197.7 MB to 196.4 MB.
Total: 3.624800 ms (FindLiveObjects: 0.236500 ms CreateObjectMapping: 0.107900 ms MarkObjects: 2.982200 ms  DeleteObjects: 0.296600 ms)

AssetImportParameters requested are different than current active one (requested -> active):
  custom:video-decoder-ogg-theora: a1e56fd34408186e4bbccfd4996cb3dc -> 
  custom:container-muxer-webm: aa71ff27fc2769a1b78a27578f13a17b -> 
  custom:container-demuxer-webm: 4f35f7cbe854078d1ac9338744f61a02 -> 
  custom:video-encoder-webm-vp8: eb34c28f22e8b96e1ab97ce403110664 -> 
  custom:audio-encoder-webm-vorbis: bf7c407c2cedff20999df2af8eb42d56 -> 
  custom:framework-win-MediaFoundation: 216162199b28c13a410421893ffa2e32 -> 
  custom:container-demuxer-ogg: 62fdf1f143b41e24485cea50d1cbac27 -> 
  custom:video-decoder-webm-vp8: 9c59270c3fd7afecdb556c50c9e8de78 -> 
  custom:audio-decoder-ogg-vorbis: bf7c407c2cedff20999df2af8eb42d56 -> 
========================================================================
Received Prepare
Registering precompiled user dll's ...
Registered in 0.005400 seconds.
Begin MonoManager ReloadAssembly
Symbol file LoadedFromMemory doesn't match image D:\Bureau\SI_Nice\S8\Ihm_creation_monde_virtuel\S8_IHM_LaPetitePrincesse\Racing\Library\PackageCache\com.unity.visualscripting@1.8.0\Editor\VisualScripting.Core\Dependencies\YamlDotNet\Unity.VisualScripting.YamlDotNet.dll
Symbol file LoadedFromMemory doesn't match image D:\Bureau\SI_Nice\S8\Ihm_creation_monde_virtuel\S8_IHM_LaPetitePrincesse\Racing\Library\PackageCache\com.unity.visualscripting@1.8.0\Editor\VisualScripting.Core\Dependencies\DotNetZip\Unity.VisualScripting.IonicZip.dll
Native extension for WindowsStandalone target not found
Native extension for WebGL target not found
Refreshing native plugins compatible for Editor in 1.09 ms, found 3 plugins.
Preloading 0 native plugins for Editor in 0.00 ms.
Mono: successfully reloaded assembly
- Completed reload, in  2.423 seconds
Domain Reload Profiling:
	ReloadAssembly (2424ms)
		BeginReloadAssembly (183ms)
			ExecutionOrderSort (0ms)
			DisableScriptedObjects (7ms)
			BackupInstance (0ms)
			ReleaseScriptingObjects (0ms)
			CreateAndSetChildDomain (53ms)
		EndReloadAssembly (2113ms)
			LoadAssemblies (133ms)
			RebuildTransferFunctionScriptingTraits (0ms)
			SetupTypeCache (789ms)
			ReleaseScriptCaches (4ms)
			RebuildScriptCaches (112ms)
			SetupLoadedEditorAssemblies (894ms)
				LogAssemblyErrors (0ms)
				InitializePlatformSupportModulesInManaged (43ms)
				SetLoadedEditorAssemblies (1ms)
				RefreshPlugins (1ms)
				BeforeProcessingInitializeOnLoad (195ms)
				ProcessInitializeOnLoadAttributes (591ms)
				ProcessInitializeOnLoadMethodAttributes (56ms)
				AfterProcessingInitializeOnLoad (6ms)
				EditorAssembliesLoaded (0ms)
			ExecutionOrderSort2 (0ms)
			AwakeInstancesAfterBackupRestoration (18ms)
Platform modules already initialized, skipping
Refreshing native plugins compatible for Editor in 21.81 ms, found 3 plugins.
Preloading 0 native plugins for Editor in 0.00 ms.
Unloading 3199 Unused Serialized files (Serialized files now loaded: 0)
Unloading 29 unused Assets / (1.3 MB). Loaded Objects now: 3709.
Memory consumption went from 197.8 MB to 196.5 MB.
Total: 6.707500 ms (FindLiveObjects: 0.375600 ms CreateObjectMapping: 0.358400 ms MarkObjects: 5.566700 ms  DeleteObjects: 0.403800 ms)

AssetImportParameters requested are different than current active one (requested -> active):
  custom:video-decoder-ogg-theora: a1e56fd34408186e4bbccfd4996cb3dc -> 
  custom:container-muxer-webm: aa71ff27fc2769a1b78a27578f13a17b -> 
  custom:container-demuxer-webm: 4f35f7cbe854078d1ac9338744f61a02 -> 
  custom:video-encoder-webm-vp8: eb34c28f22e8b96e1ab97ce403110664 -> 
  custom:audio-encoder-webm-vorbis: bf7c407c2cedff20999df2af8eb42d56 -> 
  custom:framework-win-MediaFoundation: 216162199b28c13a410421893ffa2e32 -> 
  custom:container-demuxer-ogg: 62fdf1f143b41e24485cea50d1cbac27 -> 
  custom:video-decoder-webm-vp8: 9c59270c3fd7afecdb556c50c9e8de78 -> 
  custom:audio-decoder-ogg-vorbis: bf7c407c2cedff20999df2af8eb42d56 -> 
========================================================================
Received Prepare
Registering precompiled user dll's ...
Registered in 0.004482 seconds.
Begin MonoManager ReloadAssembly
Symbol file LoadedFromMemory doesn't match image D:\Bureau\SI_Nice\S8\Ihm_creation_monde_virtuel\S8_IHM_LaPetitePrincesse\Racing\Library\PackageCache\com.unity.visualscripting@1.8.0\Editor\VisualScripting.Core\Dependencies\YamlDotNet\Unity.VisualScripting.YamlDotNet.dll
Symbol file LoadedFromMemory doesn't match image D:\Bureau\SI_Nice\S8\Ihm_creation_monde_virtuel\S8_IHM_LaPetitePrincesse\Racing\Library\PackageCache\com.unity.visualscripting@1.8.0\Editor\VisualScripting.Core\Dependencies\DotNetZip\Unity.VisualScripting.IonicZip.dll
Native extension for WindowsStandalone target not found
Native extension for WebGL target not found
Refreshing native plugins compatible for Editor in 1.50 ms, found 3 plugins.
Preloading 0 native plugins for Editor in 0.00 ms.
Mono: successfully reloaded assembly
- Completed reload, in  1.726 seconds
Domain Reload Profiling:
	ReloadAssembly (1728ms)
		BeginReloadAssembly (159ms)
			ExecutionOrderSort (0ms)
			DisableScriptedObjects (8ms)
			BackupInstance (0ms)
			ReleaseScriptingObjects (0ms)
			CreateAndSetChildDomain (39ms)
		EndReloadAssembly (1464ms)
			LoadAssemblies (102ms)
			RebuildTransferFunctionScriptingTraits (0ms)
			SetupTypeCache (502ms)
			ReleaseScriptCaches (5ms)
			RebuildScriptCaches (93ms)
			SetupLoadedEditorAssemblies (645ms)
				LogAssemblyErrors (0ms)
				InitializePlatformSupportModulesInManaged (33ms)
				SetLoadedEditorAssemblies (1ms)
				RefreshPlugins (2ms)
				BeforeProcessingInitializeOnLoad (119ms)
				ProcessInitializeOnLoadAttributes (446ms)
				ProcessInitializeOnLoadMethodAttributes (40ms)
				AfterProcessingInitializeOnLoad (4ms)
				EditorAssembliesLoaded (1ms)
			ExecutionOrderSort2 (0ms)
			AwakeInstancesAfterBackupRestoration (13ms)
Platform modules already initialized, skipping
Refreshing native plugins compatible for Editor in 2.06 ms, found 3 plugins.
Preloading 0 native plugins for Editor in 0.00 ms.
Unloading 3199 Unused Serialized files (Serialized files now loaded: 0)
Unloading 29 unused Assets / (1.3 MB). Loaded Objects now: 3712.
Memory consumption went from 197.8 MB to 196.5 MB.
Total: 4.255900 ms (FindLiveObjects: 0.347200 ms CreateObjectMapping: 0.287800 ms MarkObjects: 3.143500 ms  DeleteObjects: 0.474900 ms)

AssetImportParameters requested are different than current active one (requested -> active):
  custom:video-decoder-ogg-theora: a1e56fd34408186e4bbccfd4996cb3dc -> 
  custom:container-muxer-webm: aa71ff27fc2769a1b78a27578f13a17b -> 
  custom:container-demuxer-webm: 4f35f7cbe854078d1ac9338744f61a02 -> 
  custom:video-encoder-webm-vp8: eb34c28f22e8b96e1ab97ce403110664 -> 
  custom:audio-encoder-webm-vorbis: bf7c407c2cedff20999df2af8eb42d56 -> 
  custom:framework-win-MediaFoundation: 216162199b28c13a410421893ffa2e32 -> 
  custom:container-demuxer-ogg: 62fdf1f143b41e24485cea50d1cbac27 -> 
  custom:video-decoder-webm-vp8: 9c59270c3fd7afecdb556c50c9e8de78 -> 
  custom:audio-decoder-ogg-vorbis: bf7c407c2cedff20999df2af8eb42d56 -> 
========================================================================
Received Prepare
Registering precompiled user dll's ...
Registered in 0.004660 seconds.
Begin MonoManager ReloadAssembly
Symbol file LoadedFromMemory doesn't match image D:\Bureau\SI_Nice\S8\Ihm_creation_monde_virtuel\S8_IHM_LaPetitePrincesse\Racing\Library\PackageCache\com.unity.visualscripting@1.8.0\Editor\VisualScripting.Core\Dependencies\YamlDotNet\Unity.VisualScripting.YamlDotNet.dll
Symbol file LoadedFromMemory doesn't match image D:\Bureau\SI_Nice\S8\Ihm_creation_monde_virtuel\S8_IHM_LaPetitePrincesse\Racing\Library\PackageCache\com.unity.visualscripting@1.8.0\Editor\VisualScripting.Core\Dependencies\DotNetZip\Unity.VisualScripting.IonicZip.dll
Native extension for WindowsStandalone target not found
Native extension for WebGL target not found
Refreshing native plugins compatible for Editor in 0.63 ms, found 3 plugins.
Preloading 0 native plugins for Editor in 0.00 ms.
Mono: successfully reloaded assembly
- Completed reload, in  1.785 seconds
Domain Reload Profiling:
	ReloadAssembly (1786ms)
		BeginReloadAssembly (167ms)
			ExecutionOrderSort (0ms)
			DisableScriptedObjects (5ms)
			BackupInstance (0ms)
			ReleaseScriptingObjects (0ms)
			CreateAndSetChildDomain (32ms)
		EndReloadAssembly (1514ms)
			LoadAssemblies (137ms)
			RebuildTransferFunctionScriptingTraits (0ms)
			SetupTypeCache (494ms)
			ReleaseScriptCaches (4ms)
			RebuildScriptCaches (101ms)
			SetupLoadedEditorAssemblies (653ms)
				LogAssemblyErrors (0ms)
				InitializePlatformSupportModulesInManaged (28ms)
				SetLoadedEditorAssemblies (1ms)
				RefreshPlugins (1ms)
				BeforeProcessingInitializeOnLoad (123ms)
				ProcessInitializeOnLoadAttributes (452ms)
				ProcessInitializeOnLoadMethodAttributes (43ms)
				AfterProcessingInitializeOnLoad (5ms)
				EditorAssembliesLoaded (0ms)
			ExecutionOrderSort2 (0ms)
			AwakeInstancesAfterBackupRestoration (15ms)
Platform modules already initialized, skipping
Refreshing native plugins compatible for Editor in 5.20 ms, found 3 plugins.
Preloading 0 native plugins for Editor in 0.00 ms.
Unloading 3199 Unused Serialized files (Serialized files now loaded: 0)
Unloading 29 unused Assets / (1.3 MB). Loaded Objects now: 3715.
Memory consumption went from 197.8 MB to 196.5 MB.
Total: 8.130600 ms (FindLiveObjects: 0.608100 ms CreateObjectMapping: 0.686400 ms MarkObjects: 5.542600 ms  DeleteObjects: 1.291300 ms)

AssetImportParameters requested are different than current active one (requested -> active):
  custom:video-decoder-ogg-theora: a1e56fd34408186e4bbccfd4996cb3dc -> 
  custom:container-muxer-webm: aa71ff27fc2769a1b78a27578f13a17b -> 
  custom:container-demuxer-webm: 4f35f7cbe854078d1ac9338744f61a02 -> 
  custom:video-encoder-webm-vp8: eb34c28f22e8b96e1ab97ce403110664 -> 
  custom:audio-encoder-webm-vorbis: bf7c407c2cedff20999df2af8eb42d56 -> 
  custom:framework-win-MediaFoundation: 216162199b28c13a410421893ffa2e32 -> 
  custom:container-demuxer-ogg: 62fdf1f143b41e24485cea50d1cbac27 -> 
  custom:video-decoder-webm-vp8: 9c59270c3fd7afecdb556c50c9e8de78 -> 
  custom:audio-decoder-ogg-vorbis: bf7c407c2cedff20999df2af8eb42d56 -> 
